<?xml version="1.0" encoding="UTF-8"?>
<!-- Generated by org.testng.reporters.JUnitReportReporter -->
<testsuite hostname="DESKTOP-M3FP8SU" name="PracticeSelenium.Google.loginTest" tests="1" failures="0" timestamp="15 Jan 2022 19:30:46 GMT" time="20.015" errors="0">
  <testcase name="getLoginTest" time="20.015" classname="PracticeSelenium.Google.loginTest"/>
</testsuite> <!-- PracticeSelenium.Google.loginTest -->
